<?xml version="1.0" encoding="UTF-8"?>
<!-- Generated by org.testng.reporters.JUnitReportReporter -->
<testsuite hostname="DEC1626" failures="0" tests="1" name="Tests.SoapXMLRequest" time="8.401" errors="0" timestamp="2022-04-20T16:39:58 IST" skipped="0">
  <testcase classname="Tests.SoapXMLRequest" name="validateSoapXML" time="8.401"/>
  <system-out/>
</testsuite> <!-- Tests.SoapXMLRequest -->
