<?xml version="1.0" encoding="UTF-8"?>
<!-- Generated by org.testng.reporters.JUnitReportReporter -->
<testsuite hostname="DEC1626" failures="0" tests="3" name="Tests.PutPatchDeleteExamples" time="5.565" errors="0" timestamp="2022-04-17T20:09:27 IST" skipped="0">
  <testcase classname="Tests.PutPatchDeleteExamples" name="testPatch" time="1.203"/>
  <system-out/>
  <testcase classname="Tests.PutPatchDeleteExamples" name="testDelete" time="3.280"/>
  <system-out/>
  <testcase classname="Tests.PutPatchDeleteExamples" name="testPut" time="1.082"/>
  <system-out/>
</testsuite> <!-- Tests.PutPatchDeleteExamples -->
