<?xml version="1.0" encoding="UTF-8"?>
<!-- Generated by org.testng.reporters.JUnitReportReporter -->
<testsuite hostname="DEC1626" failures="0" tests="2" name="Tests.TestExamples" time="4.274" errors="0" timestamp="2022-04-17T15:01:17 IST" skipped="0">
  <testcase classname="Tests.TestExamples" name="test_1" time="2.520"/>
  <system-out/>
  <testcase classname="Tests.TestExamples" name="test_2" time="1.754"/>
  <system-out/>
</testsuite> <!-- Tests.TestExamples -->
