<?xml version="1.0" encoding="UTF-8"?>
<!-- Generated by org.testng.reporters.JUnitReportReporter -->
<testsuite hostname="DEC1626" failures="0" tests="1" name="Tests.GETandPOSTexamples" time="3.230" errors="0" timestamp="2022-04-17T19:49:15 IST" skipped="0">
  <testcase classname="Tests.GETandPOSTexamples" name="testPost" time="3.230"/>
  <system-out/>
</testsuite> <!-- Tests.GETandPOSTexamples -->
