<?xml version="1.0" encoding="UTF-8"?>
<!-- Generated by org.testng.reporters.JUnitReportReporter -->
<testsuite hostname="DEC1626" failures="0" tests="1" name="Tests.ValidateJsonAgainstSchema" time="3.153" errors="0" timestamp="2022-04-20T14:07:47 IST" skipped="0">
  <testcase classname="Tests.ValidateJsonAgainstSchema" name="testGet" time="3.153"/>
  <system-out/>
</testsuite> <!-- Tests.ValidateJsonAgainstSchema -->
